<?xml version="1.0" encoding="UTF-8"?>
<!-- Generated by org.testng.reporters.JUnitReportReporter -->
<testsuite hostname="LAPTOP-EC37BAJE" failures="1" tests="3" name="runners.GooglePageRunner" time="30.078" errors="0" timestamp="2023-01-27T10:06:32 IST" skipped="0">
  <testcase classname="runners.GooglePageRunner" name="runScenario" time="6.737">
    <failure message="expected [Cypress Tutorial - Google Search Page] but found [Cypress Tutorial - Google Search]" type="java.lang.AssertionError">
      <![CDATA[java.lang.AssertionError: expected [Cypress Tutorial - Google Search Page] but found [Cypress Tutorial - Google Search]
at org.testng.Assert.fail(Assert.java:110)
at org.testng.Assert.failNotEquals(Assert.java:1413)
at org.testng.Assert.assertEqualsImpl(Assert.java:149)
at org.testng.Assert.assertEquals(Assert.java:131)
at org.testng.Assert.assertEquals(Assert.java:655)
at org.testng.Assert.assertEquals(Assert.java:665)
at stepdefs.GooglePageStepDef.should_display_cypress_result_page(GooglePageStepDef.java:69)
at âœ½.Should display Cypress Result page(file:///F:/Seleniumbatch/BDDSamples/src/test/resources/features/GoogleSearchExtension.feature:6)
]]>
    </failure>
  </testcase> <!-- runScenario -->
  <system-out/>
  <testcase classname="runners.GooglePageRunner" name="runScenario" time="6.678"/>
  <system-out/>
  <testcase classname="runners.GooglePageRunner" name="runScenario" time="16.663"/>
  <system-out/>
</testsuite> <!-- runners.GooglePageRunner -->
